2025-06-02 14:24:33 [INFO] Iniciando el proceso de exportación de estudiantes a Excel.
2025-06-02 14:24:33 [INFO] Datos de entrada preparados.
2025-06-02 14:24:33 [INFO] Columna 'estado' calculada correctamente.
2025-06-02 14:24:33 [INFO] Alumnos aprobados filtrados: 2 encontrados.
2025-06-02 14:24:33 [INFO] Archivo Excel 'estudiantes_resumen.xlsx' creado con éxito.
2025-06-02 14:25:30 [INFO] Iniciando el proceso de exportación de estudiantes a Excel.
2025-06-02 14:25:30 [INFO] Datos de entrada preparados.
2025-06-02 14:25:30 [INFO] Columna 'estado' calculada correctamente.
2025-06-02 14:25:30 [INFO] Alumnos aprobados filtrados: 2 encontrados.
2025-06-02 14:25:30 [INFO] Archivo Excel 'estudiantes_resumen.xlsx' creado con éxito.
2025-06-02 14:26:46 [INFO] Iniciando el proceso de exportación de estudiantes a Excel.
2025-06-02 14:26:46 [INFO] Datos de entrada preparados.
2025-06-02 14:26:46 [INFO] Columna 'estado' calculada correctamente.
2025-06-02 14:26:46 [INFO] Alumnos aprobados filtrados: 2 encontrados.
2025-06-02 14:26:46 [INFO] Archivo Excel 'estudiantes_resumen.xlsx' creado con éxito.
2025-06-05 15:41:47 [INFO] Iniciando el proceso de exportación de estudiantes a Excel.
2025-06-05 15:41:47 [INFO] Datos de entrada preparados.
2025-06-05 15:41:47 [INFO] Columna 'estado' calculada correctamente.
2025-06-05 15:41:47 [INFO] Alumnos aprobados filtrados: 2 encontrados.
2025-06-05 15:41:48 [INFO] Archivo Excel 'estudiantes_resumen.xlsx' creado con éxito.
